<?xml version="1.0" encoding="UTF-8"?>
<!-- Generated by org.testng.reporters.JUnitXMLReporter -->
<testsuite ignored="0" hostname="DESKTOP-8V01PNV" failures="0" tests="2" name="OpencartTest(failed)" time="11.577" errors="0" timestamp="2022-11-16T10:48:36 CST">
  <testcase classname="testCases.TC_001_AccountRegistrationTest" name="test_account_Registration" time="3.468"/>
  <testcase classname="testCases.TC_002_LoginTest" name="test_Login" time="1.026"/>
</testsuite> <!-- OpencartTest(failed) -->
